<?xml version="1.0" encoding="UTF-8"?>
<!-- Generated by org.testng.reporters.JUnitReportReporter -->
<testsuite hostname="DESKTOP-7AO4KKL" failures="0" tests="2" name="testNGGroupID.testNG.loginTest" time="0.008" errors="0" timestamp="04 Jun 2019 19:25:29 GMT" skipped="0">
  <testcase classname="testNGGroupID.testNG.loginTest" name="loginTestWithWrongCredencials" time="0.003"/>
  <testcase classname="testNGGroupID.testNG.loginTest" name="loginTestWithCorreentCredencials" time="0.005"/>
</testsuite> <!-- testNGGroupID.testNG.loginTest -->
