<?xml version="1.0" encoding="UTF-8"?>
<!-- Generated by org.testng.reporters.JUnitReportReporter -->
<testsuite skipped="0" hostname="Babek-Chalabi" name="testNGGroupID.testNG.ToursLoginLogoutTest" tests="2" failures="0" timestamp="26 Dec 2018 03:04:32 GMT" time="0.011" errors="0">
  <testcase name="logoutTest" time="0.002" classname="testNGGroupID.testNG.ToursLoginLogoutTest"/>
  <testcase name="loginTest" time="0.009" classname="testNGGroupID.testNG.ToursLoginLogoutTest"/>
</testsuite> <!-- testNGGroupID.testNG.ToursLoginLogoutTest -->
