<?xml version="1.0" encoding="UTF-8"?>
<!-- Generated by org.testng.reporters.JUnitReportReporter -->
<testsuite skipped="0" hostname="Babek-Chalabi" name="testNGGroupID.testNG.loginTest" tests="2" failures="0" timestamp="24 Jan 2019 19:35:46 GMT" time="0.009" errors="0">
  <testcase name="loginTestWithWrongCredencials" time="0.003" classname="testNGGroupID.testNG.loginTest"/>
  <testcase name="loginTestWithCorreentCredencials" time="0.006" classname="testNGGroupID.testNG.loginTest"/>
</testsuite> <!-- testNGGroupID.testNG.loginTest -->
